2018-04-09 15:50:47,975 [DEBUG] (HikariConfig.java:logConfiguration:841) HikariPool-1 - configuration:
2018-04-09 15:50:47,979 [DEBUG] (HikariConfig.java:logConfiguration:857) allowPoolSuspension.............false
2018-04-09 15:50:47,980 [DEBUG] (HikariConfig.java:logConfiguration:857) autoCommit......................true
2018-04-09 15:50:47,980 [DEBUG] (HikariConfig.java:logConfiguration:857) catalog.........................null
2018-04-09 15:50:47,980 [DEBUG] (HikariConfig.java:logConfiguration:857) connectionInitSql...............null
2018-04-09 15:50:47,980 [DEBUG] (HikariConfig.java:logConfiguration:857) connectionTestQuery.............null
2018-04-09 15:50:47,980 [DEBUG] (HikariConfig.java:logConfiguration:857) connectionTimeout...............30000
2018-04-09 15:50:47,980 [DEBUG] (HikariConfig.java:logConfiguration:857) dataSource......................null
2018-04-09 15:50:47,980 [DEBUG] (HikariConfig.java:logConfiguration:857) dataSourceClassName.............null
2018-04-09 15:50:47,980 [DEBUG] (HikariConfig.java:logConfiguration:857) dataSourceJNDI..................null
2018-04-09 15:50:47,982 [DEBUG] (HikariConfig.java:logConfiguration:857) dataSourceProperties............{password=<masked>}
2018-04-09 15:50:47,982 [DEBUG] (HikariConfig.java:logConfiguration:857) driverClassName................."com.mysql.cj.jdbc.Driver"
2018-04-09 15:50:47,982 [DEBUG] (HikariConfig.java:logConfiguration:857) healthCheckProperties...........{}
2018-04-09 15:50:47,982 [DEBUG] (HikariConfig.java:logConfiguration:857) healthCheckRegistry.............null
2018-04-09 15:50:47,982 [DEBUG] (HikariConfig.java:logConfiguration:857) idleTimeout.....................600000
2018-04-09 15:50:47,982 [DEBUG] (HikariConfig.java:logConfiguration:857) initializationFailFast..........true
2018-04-09 15:50:47,983 [DEBUG] (HikariConfig.java:logConfiguration:857) isolateInternalQueries..........false
2018-04-09 15:50:47,984 [DEBUG] (HikariConfig.java:logConfiguration:857) jdbc4ConnectionTest.............false
2018-04-09 15:50:47,984 [DEBUG] (HikariConfig.java:logConfiguration:857) jdbcUrl........................."jdbc:mysql://localhost:3306/computer-database-db?zeroDateTimeBehavior=convertToNull&autoReconnect=true&characterEncoding=UTF-8&characterSetResults=UTF-8&useSSL=FALSE&useUnicode=true&useJDBCCompliantTimezoneShift=true&useLegacyDatetimeCode=false&serverTimezone=CET"
2018-04-09 15:50:47,984 [DEBUG] (HikariConfig.java:logConfiguration:857) leakDetectionThreshold..........0
2018-04-09 15:50:47,984 [DEBUG] (HikariConfig.java:logConfiguration:857) maxLifetime.....................1800000
2018-04-09 15:50:47,984 [DEBUG] (HikariConfig.java:logConfiguration:857) maximumPoolSize.................10
2018-04-09 15:50:47,984 [DEBUG] (HikariConfig.java:logConfiguration:857) metricRegistry..................null
2018-04-09 15:50:47,984 [DEBUG] (HikariConfig.java:logConfiguration:857) metricsTrackerFactory...........null
2018-04-09 15:50:47,984 [DEBUG] (HikariConfig.java:logConfiguration:857) minimumIdle.....................10
2018-04-09 15:50:47,984 [DEBUG] (HikariConfig.java:logConfiguration:857) password........................<masked>
2018-04-09 15:50:47,984 [DEBUG] (HikariConfig.java:logConfiguration:857) poolName........................"HikariPool-1"
2018-04-09 15:50:47,985 [DEBUG] (HikariConfig.java:logConfiguration:857) readOnly........................false
2018-04-09 15:50:47,985 [DEBUG] (HikariConfig.java:logConfiguration:857) registerMbeans..................false
2018-04-09 15:50:47,985 [DEBUG] (HikariConfig.java:logConfiguration:857) scheduledExecutorService........null
2018-04-09 15:50:47,985 [DEBUG] (HikariConfig.java:logConfiguration:857) threadFactory...................null
2018-04-09 15:50:47,985 [DEBUG] (HikariConfig.java:logConfiguration:857) transactionIsolation............null
2018-04-09 15:50:47,985 [DEBUG] (HikariConfig.java:logConfiguration:857) username........................"admincdb"
2018-04-09 15:50:47,985 [DEBUG] (HikariConfig.java:logConfiguration:857) validationTimeout...............5000
2018-04-09 15:50:47,985 [INFO ] (HikariDataSource.java:getConnection:93) HikariPool-1 - Started.
2018-04-09 15:50:48,152 [DEBUG] (HikariPool.java:createPoolEntry:445) HikariPool-1 - Added connection com.mysql.cj.jdbc.ConnectionImpl@2e3bc59d
2018-04-09 15:50:48,165 [DEBUG] (Debugging.java:requestDebug:14) Requête : HikariProxyPreparedStatement@722105012 wrapping com.mysql.cj.jdbc.PreparedStatement@5a8d830: SELECT COUNT(*) FROM computer
2018-04-09 15:50:48,173 [DEBUG] (Debugging.java:simpleDebugInt:21) PageMax : 
2018-04-09 15:50:48,174 [DEBUG] (Debugging.java:requestDebug:14) Requête : HikariProxyPreparedStatement@1892716392 wrapping com.mysql.cj.jdbc.PreparedStatement@8619336: SELECT COUNT(*) FROM computer
2018-04-09 15:50:48,226 [DEBUG] (Debugging.java:requestDebug:14) Requête : HikariProxyPreparedStatement@1697150649 wrapping com.mysql.cj.jdbc.PreparedStatement@69c90e2b: SELECT computer.name, computer.introduced, computer.discontinued, company.id, computer.id, company.name FROM computer LEFT JOIN company ON computer.company_id = company.id ORDER BY computer.id asc  LIMIT 10 OFFSET 0
2018-04-09 15:50:48,252 [DEBUG] (HikariPool.java:logPoolState:378) HikariPool-1 - Pool stats (total=1, active=0, idle=1, waiting=0)
2018-04-09 15:50:48,257 [DEBUG] (HikariPool.java:createPoolEntry:445) HikariPool-1 - Added connection com.mysql.cj.jdbc.ConnectionImpl@5a551258
2018-04-09 15:50:48,262 [DEBUG] (HikariPool.java:createPoolEntry:445) HikariPool-1 - Added connection com.mysql.cj.jdbc.ConnectionImpl@439f3636
2018-04-09 15:50:48,265 [DEBUG] (HikariPool.java:createPoolEntry:445) HikariPool-1 - Added connection com.mysql.cj.jdbc.ConnectionImpl@4e53a0f7
2018-04-09 15:50:48,269 [DEBUG] (HikariPool.java:createPoolEntry:445) HikariPool-1 - Added connection com.mysql.cj.jdbc.ConnectionImpl@6f1d6611
2018-04-09 15:50:48,272 [DEBUG] (HikariPool.java:createPoolEntry:445) HikariPool-1 - Added connection com.mysql.cj.jdbc.ConnectionImpl@79036b00
2018-04-09 15:50:48,275 [DEBUG] (HikariPool.java:createPoolEntry:445) HikariPool-1 - Added connection com.mysql.cj.jdbc.ConnectionImpl@6acaaaf9
2018-04-09 15:50:48,278 [DEBUG] (HikariPool.java:createPoolEntry:445) HikariPool-1 - Added connection com.mysql.cj.jdbc.ConnectionImpl@683be2a4
2018-04-09 15:50:48,289 [DEBUG] (HikariPool.java:createPoolEntry:445) HikariPool-1 - Added connection com.mysql.cj.jdbc.ConnectionImpl@5f489a2a
2018-04-09 15:50:48,292 [DEBUG] (HikariPool.java:createPoolEntry:445) HikariPool-1 - Added connection com.mysql.cj.jdbc.ConnectionImpl@a5c88f3
2018-04-09 15:50:48,292 [DEBUG] (HikariPool.java:logPoolState:378) HikariPool-1 - After adding stats (total=10, active=0, idle=10, waiting=0)
2018-04-09 15:51:18,254 [DEBUG] (HikariPool.java:logPoolState:378) HikariPool-1 - Pool stats (total=10, active=0, idle=10, waiting=0)
2018-04-09 15:51:48,255 [DEBUG] (HikariPool.java:logPoolState:378) HikariPool-1 - Pool stats (total=10, active=0, idle=10, waiting=0)
2018-04-09 15:52:18,256 [DEBUG] (HikariPool.java:logPoolState:378) HikariPool-1 - Pool stats (total=10, active=0, idle=10, waiting=0)
2018-04-09 15:52:33,379 [DEBUG] (Debugging.java:requestDebug:14) Requête : HikariProxyPreparedStatement@1961749663 wrapping com.mysql.cj.jdbc.PreparedStatement@70d2665d: SELECT COUNT(*) FROM computer
2018-04-09 15:52:33,380 [DEBUG] (Debugging.java:simpleDebugInt:21) PageMax : 
2018-04-09 15:52:33,380 [DEBUG] (Debugging.java:requestDebug:14) Requête : HikariProxyPreparedStatement@9756138 wrapping com.mysql.cj.jdbc.PreparedStatement@6397bf4b: SELECT COUNT(*) FROM computer
2018-04-09 15:52:33,384 [DEBUG] (Debugging.java:requestDebug:14) Requête : HikariProxyPreparedStatement@164919875 wrapping com.mysql.cj.jdbc.PreparedStatement@1ca66291: SELECT computer.name, computer.introduced, computer.discontinued, company.id, computer.id, company.name FROM computer LEFT JOIN company ON computer.company_id = company.id ORDER BY computer.id asc  LIMIT 10 OFFSET 0
2018-04-09 15:52:48,257 [DEBUG] (HikariPool.java:logPoolState:378) HikariPool-1 - Pool stats (total=10, active=0, idle=10, waiting=0)
2018-04-09 15:53:18,257 [DEBUG] (HikariPool.java:logPoolState:378) HikariPool-1 - Pool stats (total=10, active=0, idle=10, waiting=0)
2018-04-09 15:53:48,258 [DEBUG] (HikariPool.java:logPoolState:378) HikariPool-1 - Pool stats (total=10, active=0, idle=10, waiting=0)
2018-04-09 15:54:18,259 [DEBUG] (HikariPool.java:logPoolState:378) HikariPool-1 - Pool stats (total=10, active=0, idle=10, waiting=0)
2018-04-09 15:54:48,260 [DEBUG] (HikariPool.java:logPoolState:378) HikariPool-1 - Pool stats (total=10, active=0, idle=10, waiting=0)
2018-04-09 15:55:18,261 [DEBUG] (HikariPool.java:logPoolState:378) HikariPool-1 - Pool stats (total=10, active=0, idle=10, waiting=0)
2018-04-09 15:55:48,262 [DEBUG] (HikariPool.java:logPoolState:378) HikariPool-1 - Pool stats (total=10, active=0, idle=10, waiting=0)
2018-04-09 15:56:18,263 [DEBUG] (HikariPool.java:logPoolState:378) HikariPool-1 - Pool stats (total=10, active=0, idle=10, waiting=0)
2018-04-09 15:56:48,264 [DEBUG] (HikariPool.java:logPoolState:378) HikariPool-1 - Pool stats (total=10, active=0, idle=10, waiting=0)
2018-04-09 15:57:18,265 [DEBUG] (HikariPool.java:logPoolState:378) HikariPool-1 - Pool stats (total=10, active=0, idle=10, waiting=0)
2018-04-09 15:57:48,266 [DEBUG] (HikariPool.java:logPoolState:378) HikariPool-1 - Pool stats (total=10, active=0, idle=10, waiting=0)
2018-04-09 15:58:18,267 [DEBUG] (HikariPool.java:logPoolState:378) HikariPool-1 - Pool stats (total=10, active=0, idle=10, waiting=0)
2018-04-09 15:58:48,267 [DEBUG] (HikariPool.java:logPoolState:378) HikariPool-1 - Pool stats (total=10, active=0, idle=10, waiting=0)
2018-04-09 15:59:18,268 [DEBUG] (HikariPool.java:logPoolState:378) HikariPool-1 - Pool stats (total=10, active=0, idle=10, waiting=0)
2018-04-09 15:59:48,269 [DEBUG] (HikariPool.java:logPoolState:378) HikariPool-1 - Pool stats (total=10, active=0, idle=10, waiting=0)
2018-04-09 16:00:18,270 [DEBUG] (HikariPool.java:logPoolState:378) HikariPool-1 - Pool stats (total=10, active=0, idle=10, waiting=0)
2018-04-09 16:00:48,271 [DEBUG] (HikariPool.java:logPoolState:378) HikariPool-1 - Pool stats (total=10, active=0, idle=10, waiting=0)
2018-04-09 16:01:18,272 [DEBUG] (HikariPool.java:logPoolState:378) HikariPool-1 - Pool stats (total=10, active=0, idle=10, waiting=0)
2018-04-09 16:01:48,273 [DEBUG] (HikariPool.java:logPoolState:378) HikariPool-1 - Pool stats (total=10, active=0, idle=10, waiting=0)
2018-04-09 16:02:18,274 [DEBUG] (HikariPool.java:logPoolState:378) HikariPool-1 - Pool stats (total=10, active=0, idle=10, waiting=0)
2018-04-09 16:02:48,275 [DEBUG] (HikariPool.java:logPoolState:378) HikariPool-1 - Pool stats (total=10, active=0, idle=10, waiting=0)
2018-04-09 16:03:18,275 [DEBUG] (HikariPool.java:logPoolState:378) HikariPool-1 - Pool stats (total=10, active=0, idle=10, waiting=0)
2018-04-09 16:03:48,276 [DEBUG] (HikariPool.java:logPoolState:378) HikariPool-1 - Pool stats (total=10, active=0, idle=10, waiting=0)
2018-04-09 16:04:18,276 [DEBUG] (HikariPool.java:logPoolState:378) HikariPool-1 - Pool stats (total=10, active=0, idle=10, waiting=0)
2018-04-09 16:04:48,277 [DEBUG] (HikariPool.java:logPoolState:378) HikariPool-1 - Pool stats (total=10, active=0, idle=10, waiting=0)
2018-04-09 16:05:18,278 [DEBUG] (HikariPool.java:logPoolState:378) HikariPool-1 - Pool stats (total=10, active=0, idle=10, waiting=0)
2018-04-09 16:05:48,278 [DEBUG] (HikariPool.java:logPoolState:378) HikariPool-1 - Pool stats (total=10, active=0, idle=10, waiting=0)
2018-04-09 16:06:18,279 [DEBUG] (HikariPool.java:logPoolState:378) HikariPool-1 - Pool stats (total=10, active=0, idle=10, waiting=0)
2018-04-09 16:06:48,280 [DEBUG] (HikariPool.java:logPoolState:378) HikariPool-1 - Pool stats (total=10, active=0, idle=10, waiting=0)
2018-04-09 16:07:18,281 [DEBUG] (HikariPool.java:logPoolState:378) HikariPool-1 - Pool stats (total=10, active=0, idle=10, waiting=0)
2018-04-09 16:07:48,281 [DEBUG] (HikariPool.java:logPoolState:378) HikariPool-1 - Pool stats (total=10, active=0, idle=10, waiting=0)
2018-04-09 16:08:18,282 [DEBUG] (HikariPool.java:logPoolState:378) HikariPool-1 - Pool stats (total=10, active=0, idle=10, waiting=0)
2018-04-09 16:08:48,283 [DEBUG] (HikariPool.java:logPoolState:378) HikariPool-1 - Pool stats (total=10, active=0, idle=10, waiting=0)
2018-04-09 16:09:18,283 [DEBUG] (HikariPool.java:logPoolState:378) HikariPool-1 - Pool stats (total=10, active=0, idle=10, waiting=0)
2018-04-09 16:09:48,284 [DEBUG] (HikariPool.java:logPoolState:378) HikariPool-1 - Pool stats (total=10, active=0, idle=10, waiting=0)
2018-04-09 16:10:18,284 [DEBUG] (HikariPool.java:logPoolState:378) HikariPool-1 - Pool stats (total=10, active=0, idle=10, waiting=0)
2018-04-09 16:10:48,285 [DEBUG] (HikariPool.java:logPoolState:378) HikariPool-1 - Pool stats (total=10, active=0, idle=10, waiting=0)
2018-04-09 16:11:18,286 [DEBUG] (HikariPool.java:logPoolState:378) HikariPool-1 - Pool stats (total=10, active=0, idle=10, waiting=0)
2018-04-09 16:11:48,286 [DEBUG] (HikariPool.java:logPoolState:378) HikariPool-1 - Pool stats (total=10, active=0, idle=10, waiting=0)
2018-04-09 16:12:18,287 [DEBUG] (HikariPool.java:logPoolState:378) HikariPool-1 - Pool stats (total=10, active=0, idle=10, waiting=0)
2018-04-09 16:12:48,288 [DEBUG] (HikariPool.java:logPoolState:378) HikariPool-1 - Pool stats (total=10, active=0, idle=10, waiting=0)
2018-04-09 16:13:18,289 [DEBUG] (HikariPool.java:logPoolState:378) HikariPool-1 - Pool stats (total=10, active=0, idle=10, waiting=0)
2018-04-09 16:13:48,290 [DEBUG] (HikariPool.java:logPoolState:378) HikariPool-1 - Pool stats (total=10, active=0, idle=10, waiting=0)
2018-04-09 16:14:18,291 [DEBUG] (HikariPool.java:logPoolState:378) HikariPool-1 - Pool stats (total=10, active=0, idle=10, waiting=0)
2018-04-09 16:14:48,291 [DEBUG] (HikariPool.java:logPoolState:378) HikariPool-1 - Pool stats (total=10, active=0, idle=10, waiting=0)
2018-04-09 16:15:18,292 [DEBUG] (HikariPool.java:logPoolState:378) HikariPool-1 - Pool stats (total=10, active=0, idle=10, waiting=0)
2018-04-09 16:15:48,293 [DEBUG] (HikariPool.java:logPoolState:378) HikariPool-1 - Pool stats (total=10, active=0, idle=10, waiting=0)
2018-04-09 16:16:18,294 [DEBUG] (HikariPool.java:logPoolState:378) HikariPool-1 - Pool stats (total=10, active=0, idle=10, waiting=0)
2018-04-09 16:16:48,295 [DEBUG] (HikariPool.java:logPoolState:378) HikariPool-1 - Pool stats (total=10, active=0, idle=10, waiting=0)
2018-04-09 16:17:18,296 [DEBUG] (HikariPool.java:logPoolState:378) HikariPool-1 - Pool stats (total=10, active=0, idle=10, waiting=0)
2018-04-09 16:17:48,297 [DEBUG] (HikariPool.java:logPoolState:378) HikariPool-1 - Pool stats (total=10, active=0, idle=10, waiting=0)
2018-04-09 16:18:18,297 [DEBUG] (HikariPool.java:logPoolState:378) HikariPool-1 - Pool stats (total=10, active=0, idle=10, waiting=0)
2018-04-09 16:18:48,298 [DEBUG] (HikariPool.java:logPoolState:378) HikariPool-1 - Pool stats (total=10, active=0, idle=10, waiting=0)
2018-04-09 16:19:18,299 [DEBUG] (HikariPool.java:logPoolState:378) HikariPool-1 - Pool stats (total=10, active=0, idle=10, waiting=0)
2018-04-09 16:19:48,300 [DEBUG] (HikariPool.java:logPoolState:378) HikariPool-1 - Pool stats (total=10, active=0, idle=10, waiting=0)
2018-04-09 16:20:11,530 [DEBUG] (PoolBase.java:quietlyCloseConnection:128) HikariPool-1 - Closing connection com.mysql.cj.jdbc.ConnectionImpl@683be2a4: (connection has passed maxLifetime)
2018-04-09 16:20:16,731 [DEBUG] (PoolBase.java:quietlyCloseConnection:128) HikariPool-1 - Closing connection com.mysql.cj.jdbc.ConnectionImpl@439f3636: (connection has passed maxLifetime)
2018-04-09 16:20:18,301 [DEBUG] (HikariPool.java:logPoolState:378) HikariPool-1 - Pool stats (total=8, active=0, idle=8, waiting=0)
2018-04-09 16:20:18,310 [DEBUG] (HikariPool.java:createPoolEntry:445) HikariPool-1 - Added connection com.mysql.cj.jdbc.ConnectionImpl@5cdaa4d
2018-04-09 16:20:18,317 [DEBUG] (HikariPool.java:createPoolEntry:445) HikariPool-1 - Added connection com.mysql.cj.jdbc.ConnectionImpl@d15192f
2018-04-09 16:20:18,317 [DEBUG] (HikariPool.java:logPoolState:378) HikariPool-1 - After adding stats (total=10, active=0, idle=10, waiting=0)
2018-04-09 16:20:28,282 [DEBUG] (PoolBase.java:quietlyCloseConnection:128) HikariPool-1 - Closing connection com.mysql.cj.jdbc.ConnectionImpl@6acaaaf9: (connection has passed maxLifetime)
2018-04-09 16:20:29,444 [DEBUG] (PoolBase.java:quietlyCloseConnection:128) HikariPool-1 - Closing connection com.mysql.cj.jdbc.ConnectionImpl@6f1d6611: (connection has passed maxLifetime)
2018-04-09 16:20:34,489 [DEBUG] (PoolBase.java:quietlyCloseConnection:128) HikariPool-1 - Closing connection com.mysql.cj.jdbc.ConnectionImpl@4e53a0f7: (connection has passed maxLifetime)
2018-04-09 16:20:38,193 [DEBUG] (PoolBase.java:quietlyCloseConnection:128) HikariPool-1 - Closing connection com.mysql.cj.jdbc.ConnectionImpl@a5c88f3: (connection has passed maxLifetime)
2018-04-09 16:20:43,066 [DEBUG] (PoolBase.java:quietlyCloseConnection:128) HikariPool-1 - Closing connection com.mysql.cj.jdbc.ConnectionImpl@2e3bc59d: (connection has passed maxLifetime)
2018-04-09 16:20:46,824 [DEBUG] (PoolBase.java:quietlyCloseConnection:128) HikariPool-1 - Closing connection com.mysql.cj.jdbc.ConnectionImpl@5a551258: (connection has passed maxLifetime)
2018-04-09 16:20:47,395 [DEBUG] (PoolBase.java:quietlyCloseConnection:128) HikariPool-1 - Closing connection com.mysql.cj.jdbc.ConnectionImpl@5f489a2a: (connection has passed maxLifetime)
2018-04-09 16:20:47,895 [DEBUG] (PoolBase.java:quietlyCloseConnection:128) HikariPool-1 - Closing connection com.mysql.cj.jdbc.ConnectionImpl@79036b00: (connection has passed maxLifetime)
2018-04-09 16:20:48,302 [DEBUG] (HikariPool.java:logPoolState:378) HikariPool-1 - Pool stats (total=2, active=0, idle=2, waiting=0)
2018-04-09 16:20:48,310 [DEBUG] (HikariPool.java:createPoolEntry:445) HikariPool-1 - Added connection com.mysql.cj.jdbc.ConnectionImpl@783bc5f0
2018-04-09 16:20:48,316 [DEBUG] (HikariPool.java:createPoolEntry:445) HikariPool-1 - Added connection com.mysql.cj.jdbc.ConnectionImpl@c4e3ff0
2018-04-09 16:20:48,323 [DEBUG] (HikariPool.java:createPoolEntry:445) HikariPool-1 - Added connection com.mysql.cj.jdbc.ConnectionImpl@7833950e
2018-04-09 16:20:48,329 [DEBUG] (HikariPool.java:createPoolEntry:445) HikariPool-1 - Added connection com.mysql.cj.jdbc.ConnectionImpl@2001424d
2018-04-09 16:20:48,334 [DEBUG] (HikariPool.java:createPoolEntry:445) HikariPool-1 - Added connection com.mysql.cj.jdbc.ConnectionImpl@289f6efd
2018-04-09 16:20:48,339 [DEBUG] (HikariPool.java:createPoolEntry:445) HikariPool-1 - Added connection com.mysql.cj.jdbc.ConnectionImpl@6f70367a
2018-04-09 16:20:48,344 [DEBUG] (HikariPool.java:createPoolEntry:445) HikariPool-1 - Added connection com.mysql.cj.jdbc.ConnectionImpl@7c1ab166
2018-04-09 16:20:48,348 [DEBUG] (HikariPool.java:createPoolEntry:445) HikariPool-1 - Added connection com.mysql.cj.jdbc.ConnectionImpl@33ec824c
2018-04-09 16:20:48,348 [DEBUG] (HikariPool.java:logPoolState:378) HikariPool-1 - After adding stats (total=10, active=0, idle=10, waiting=0)
