2018-03-19 18:00:27,304 [WARN ] (ComputerDAO.java:createAComputer:177) user lacks privilege or object not found: COMPUTER in statement [INSERT INTO computer(name,introduced,discontinued,company_id) VALUES (?,?,?,?)]
2018-03-19 18:00:27,306 [WARN ] (ComputerDAO.java:getIdFromName:242) user lacks privilege or object not found: COMPUTER in statement [SELECT id FROM computer WHERE name = ?]
2018-03-19 18:00:27,307 [WARN ] (ComputerDAO.java:createAComputer:177) user lacks privilege or object not found: COMPUTER in statement [INSERT INTO computer(name,introduced,discontinued,company_id) VALUES (?,?,?,?)]
2018-03-19 18:00:27,308 [WARN ] (ComputerDAO.java:getId:221) user lacks privilege or object not found: COMPUTER in statement [SELECT id FROM computer WHERE name = ? AND introduced is ? AND discontinued = ? AND company_id = ?]
2018-03-19 18:00:27,308 [WARN ] (ComputerDAO.java:getIdFromName:242) user lacks privilege or object not found: COMPUTER in statement [SELECT id FROM computer WHERE name = ?]
2018-03-19 18:00:27,311 [WARN ] (ComputerDAO.java:createAComputer:177) user lacks privilege or object not found: COMPUTER in statement [INSERT INTO computer(name,introduced,discontinued,company_id) VALUES (?,?,?,?)]
2018-03-19 18:00:27,311 [WARN ] (ComputerDAO.java:getId:221) user lacks privilege or object not found: COMPUTER in statement [SELECT id FROM computer WHERE name = ? AND introduced = ? AND discontinued = ? AND company_id = ?]
2018-03-19 18:00:27,311 [WARN ] (ComputerDAO.java:getIdFromName:242) user lacks privilege or object not found: COMPUTER in statement [SELECT id FROM computer WHERE name = ?]
2018-03-19 18:00:27,312 [WARN ] (ComputerDAO.java:createAComputer:177) user lacks privilege or object not found: COMPUTER in statement [INSERT INTO computer(name,introduced,discontinued,company_id) VALUES (?,?,?,?)]
2018-03-19 18:00:27,313 [WARN ] (ComputerDAO.java:getIdFromName:242) user lacks privilege or object not found: COMPUTER in statement [SELECT id FROM computer WHERE name = ?]
2018-03-19 18:00:27,313 [WARN ] (ComputerDAO.java:createAComputer:177) user lacks privilege or object not found: COMPUTER in statement [INSERT INTO computer(name,introduced,discontinued,company_id) VALUES (?,?,?,?)]
2018-03-19 18:00:27,313 [WARN ] (ComputerDAO.java:getIdFromName:242) user lacks privilege or object not found: COMPUTER in statement [SELECT id FROM computer WHERE name = ?]
2018-03-19 18:00:27,314 [WARN ] (ComputerDAO.java:createAComputer:177) user lacks privilege or object not found: COMPUTER in statement [INSERT INTO computer(name,introduced,discontinued,company_id) VALUES (?,?,?,?)]
2018-03-19 18:00:27,314 [WARN ] (ComputerDAO.java:getId:221) user lacks privilege or object not found: COMPUTER in statement [SELECT id FROM computer WHERE name = ? AND introduced = ? AND discontinued is ? AND company_id = ?]
2018-03-19 18:00:27,314 [WARN ] (ComputerDAO.java:getIdFromName:242) user lacks privilege or object not found: COMPUTER in statement [SELECT id FROM computer WHERE name = ?]
2018-03-19 18:00:27,315 [WARN ] (ComputerDAO.java:createAComputer:177) user lacks privilege or object not found: COMPUTER in statement [INSERT INTO computer(name,introduced,discontinued,company_id) VALUES (?,?,?,?)]
2018-03-19 18:00:27,317 [WARN ] (ComputerDAO.java:getId:221) user lacks privilege or object not found: COMPUTER in statement [SELECT id FROM computer WHERE name = ? AND introduced is ? AND discontinued is ? AND company_id is ?]
2018-03-19 18:00:27,317 [WARN ] (ComputerDAO.java:getIdFromName:242) user lacks privilege or object not found: COMPUTER in statement [SELECT id FROM computer WHERE name = ?]
2018-03-19 18:00:27,318 [WARN ] (ComputerDAO.java:createAComputer:177) user lacks privilege or object not found: COMPUTER in statement [INSERT INTO computer(name,introduced,discontinued,company_id) VALUES (?,?,?,?)]
2018-03-19 18:00:27,318 [WARN ] (ComputerDAO.java:getIdFromName:242) user lacks privilege or object not found: COMPUTER in statement [SELECT id FROM computer WHERE name = ?]
2018-03-19 18:00:27,319 [WARN ] (ComputerDAO.java:getIdFromName:242) user lacks privilege or object not found: COMPUTER in statement [SELECT id FROM computer WHERE name = ?]
2018-03-19 18:00:27,319 [WARN ] (ComputerDAO.java:getIdFromName:242) user lacks privilege or object not found: COMPUTER in statement [SELECT id FROM computer WHERE name = ?]
2018-03-19 18:00:27,320 [WARN ] (ComputerDAO.java:createAComputer:177) user lacks privilege or object not found: COMPUTER in statement [INSERT INTO computer(name,introduced,discontinued,company_id) VALUES (?,?,?,?)]
2018-03-19 18:00:27,320 [WARN ] (ComputerDAO.java:getIdFromName:242) user lacks privilege or object not found: COMPUTER in statement [SELECT id FROM computer WHERE name = ?]
2018-03-19 18:00:27,320 [WARN ] (ComputerDAO.java:getIdFromName:242) user lacks privilege or object not found: COMPUTER in statement [SELECT id FROM computer WHERE name = ?]
2018-03-19 18:00:27,321 [WARN ] (ComputerDAO.java:showDetails:105) user lacks privilege or object not found: COMPUTER in statement [SELECT computer.name, introduced, discontinued, company.id, computer.id, company.name FROM computer LEFT JOIN company ON computer.id = company.id WHERE computer.id = 1]
2018-03-19 18:00:27,321 [WARN ] (ComputerDAO.java:getIdFromName:242) user lacks privilege or object not found: COMPUTER in statement [SELECT id FROM computer WHERE name = ?]
2018-03-19 18:00:27,323 [WARN ] (CompaniesDAO.java:getCompanies:111) user lacks privilege or object not found: COMPANY in statement [SELECT name FROM company WHERE id = 1]
2018-03-19 18:00:27,323 [WARN ] (ComputerDAO.java:createAComputer:177) user lacks privilege or object not found: COMPUTER in statement [INSERT INTO computer(name,introduced,discontinued,company_id) VALUES (?,?,?,?)]
2018-03-19 18:00:27,323 [WARN ] (ComputerDAO.java:getId:221) user lacks privilege or object not found: COMPUTER in statement [SELECT id FROM computer WHERE name = ? AND introduced is ? AND discontinued is ? AND company_id is ?]
2018-03-19 18:00:27,323 [WARN ] (ComputerDAO.java:getIdFromName:242) user lacks privilege or object not found: COMPUTER in statement [SELECT id FROM computer WHERE name = ?]
2018-03-19 18:00:27,324 [WARN ] (ComputerDAO.java:listComputer:87) user lacks privilege or object not found: COMPUTER in statement [SELECT computer.name, introduced, discontinued, company.id, computer.id, company.name FROM computer LEFT JOIN company ON computer.id = company.id]
2018-03-19 18:00:27,325 [WARN ] (ComputerDAO.java:getIdFromName:242) user lacks privilege or object not found: COMPUTER in statement [SELECT id FROM computer WHERE name = ?]
2018-03-19 18:00:27,325 [WARN ] (ComputerDAO.java:getId:221) user lacks privilege or object not found: COMPUTER in statement [SELECT id FROM computer WHERE name = ? AND introduced is ? AND discontinued is ? AND company_id = ?]
2018-03-19 18:00:27,326 [WARN ] (ComputerDAO.java:getIdFromName:242) user lacks privilege or object not found: COMPUTER in statement [SELECT id FROM computer WHERE name = ?]
2018-03-19 18:00:27,326 [WARN ] (ComputerDAO.java:createAComputer:177) user lacks privilege or object not found: COMPUTER in statement [INSERT INTO computer(name,introduced,discontinued,company_id) VALUES (?,?,?,?)]
2018-03-19 18:00:27,327 [WARN ] (ComputerDAO.java:getIdFromName:242) user lacks privilege or object not found: COMPUTER in statement [SELECT id FROM computer WHERE name = ?]
